<?xml version="1.0" encoding="UTF-8" ?>
<testsuite tests="7" failures="0" name="com.tzh.test.IOToFileUtilsTest" time="0.027" errors="0" skipped="0">
  <properties>
[...]
</properties>
  <testcase classname="com.tzh.test.IOToFileUtilsTest" name="readFileByRandomAccess" time="0.001"/>
  <testcase classname="com.tzh.test.IOToFileUtilsTest" name="appendToFile_B" time="0.001"/>
  <testcase classname="com.tzh.test.IOToFileUtilsTest" name="readFileByBytes" time="0"/>
  <testcase classname="com.tzh.test.IOToFileUtilsTest" name="readFileByCharts" time="0.01"/>
  <testcase classname="com.tzh.test.IOToFileUtilsTest" name="readFileByLines" time="0.004"/>
  <testcase classname="com.tzh.test.IOToFileUtilsTest" name="appendToFile_A" time="0.004"/>
  <testcase classname="com.tzh.test.IOToFileUtilsTest" name="appendToFile_C" time="0.007"/>
</testsuite>